<?xml version="1.0" encoding="UTF-8"?>
<robot generator="Robot 3.1.2 (Python 3.8.1 on win32)" generated="20200202 09:26:32.970" rpa="false">
<suite id="s1" name="My1st" source="C:\Users\ramakrushna.a.sahoo\PycharmProjects\RobotFramework\Tests\My1st.robot">
<test id="s1-t1" name="TC01 Login validation">
<kw name="Open Application Browser" library="Common">
<kw name="Create Webdriver" library="SeleniumLibrary">
<doc>Creates an instance of Selenium WebDriver.</doc>
<arguments>
<arg>${BROWSER}</arg>
<arg>executable_path=${PATH}</arg>
</arguments>
<msg timestamp="20200202 09:26:33.745" level="INFO">Creating an instance of the Chrome WebDriver.</msg>
<status status="PASS" starttime="20200202 09:26:33.745" endtime="20200202 09:26:43.102"></status>
</kw>
<kw name="Go To" library="SeleniumLibrary">
<doc>Navigates the current browser window to the provided ``url``.</doc>
<arguments>
<arg>${URL}</arg>
</arguments>
<msg timestamp="20200202 09:26:43.102" level="INFO">Opening url 'https://katalon-demo-cura.herokuapp.com/'</msg>
<status status="PASS" starttime="20200202 09:26:43.102" endtime="20200202 09:26:46.015"></status>
</kw>
<kw name="Maximize Browser Window" library="SeleniumLibrary">
<doc>Maximizes current browser window.</doc>
<status status="PASS" starttime="20200202 09:26:46.016" endtime="20200202 09:26:50.230"></status>
</kw>
<kw name="Capture Page Screenshot" library="SeleniumLibrary">
<doc>Takes a screenshot of the current page and embeds it into a log file.</doc>
<msg timestamp="20200202 09:26:51.168" level="INFO" html="yes">&lt;/td&gt;&lt;/tr&gt;&lt;tr&gt;&lt;td colspan="3"&gt;&lt;a href="selenium-screenshot-13.png"&gt;&lt;img src="selenium-screenshot-13.png" width="800px"&gt;&lt;/a&gt;</msg>
<status status="PASS" starttime="20200202 09:26:50.230" endtime="20200202 09:26:51.168"></status>
</kw>
<status status="PASS" starttime="20200202 09:26:33.745" endtime="20200202 09:26:51.168"></status>
</kw>
<kw name="Make appointment" library="Booking">
<kw name="Click Element" library="SeleniumLibrary">
<doc>Click the element identified by ``locator``.</doc>
<arguments>
<arg>${appointment_btn}</arg>
</arguments>
<msg timestamp="20200202 09:26:51.170" level="INFO">Clicking element 'id:btn-make-appointment'.</msg>
<status status="PASS" starttime="20200202 09:26:51.169" endtime="20200202 09:26:51.771"></status>
</kw>
<kw name="Sleep" library="BuiltIn">
<doc>Pauses the test executed for the given time.</doc>
<arguments>
<arg>2</arg>
</arguments>
<msg timestamp="20200202 09:26:53.773" level="INFO">Slept 2 seconds</msg>
<status status="PASS" starttime="20200202 09:26:51.772" endtime="20200202 09:26:53.773"></status>
</kw>
<status status="PASS" starttime="20200202 09:26:51.169" endtime="20200202 09:26:53.773"></status>
</kw>
<kw name="User Login to Application" library="Booking">
<arguments>
<arg>John Doe ThisIsNotAPassword</arg>
</arguments>
<msg timestamp="20200202 09:26:53.774" level="FAIL">Keyword 'Booking.User Login to Application' expected 0 arguments, got 1.</msg>
<status status="FAIL" starttime="20200202 09:26:53.773" endtime="20200202 09:26:53.774"></status>
</kw>
<status status="FAIL" starttime="20200202 09:26:33.744" endtime="20200202 09:26:53.774" critical="yes">Keyword 'Booking.User Login to Application' expected 0 arguments, got 1.</status>
</test>
<doc>Suite description</doc>
<status status="FAIL" starttime="20200202 09:26:32.976" endtime="20200202 09:26:53.776"></status>
</suite>
<statistics>
<total>
<stat pass="0" fail="1">Critical Tests</stat>
<stat pass="0" fail="1">All Tests</stat>
</total>
<tag>
</tag>
<suite>
<stat pass="0" fail="1" id="s1" name="My1st">My1st</stat>
</suite>
</statistics>
<errors>
</errors>
</robot>
